\BOOKMARK [1][-]{section.1}{\376\377\000F\000e\000u\000i\000l\000l\000e\000s\000\040\000d\000e\000\040\000c\000o\000u\000r\000s}{}% 1
\BOOKMARK [2][-]{subsection.1.1}{\376\377\000L\000e\000s\000\040\000f\000o\000n\000c\000t\000i\000o\000n\000s}{section.1}% 2
\BOOKMARK [3][-]{subsubsection*.2}{\376\377\000U\000t\000i\000l\000i\000s\000e\000r\000\040\000l\000e\000s\000\040\000f\000o\000n\000c\000t\000i\000o\000n\000s}{subsection.1.1}% 3
\BOOKMARK [3][-]{subsubsection*.3}{\376\377\000C\000r\000\351\000a\000t\000i\000o\000n\000\040\000d\040\031\000u\000n\000e\000\040\000f\000o\000n\000c\000t\000i\000o\000n}{subsection.1.1}% 4
\BOOKMARK [4][-]{paragraph*.4}{\376\377\000P\000r\000i\000n\000c\000i\000p\000e\000\040\000g\000\351\000n\000\351\000r\000a\000l}{subsubsection*.3}% 5
\BOOKMARK [4][-]{paragraph*.5}{\376\377\000C\000h\000a\000\356\000n\000e\000\040\000d\000e\000\040\000d\000o\000c\000u\000m\000e\000n\000t\000a\000t\000i\000o\000n}{subsubsection*.3}% 6
\BOOKMARK [4][-]{paragraph*.6}{\376\377\000V\000a\000r\000i\000a\000b\000l\000e\000s\000\040\000l\000o\000c\000a\000l\000e\000s}{subsubsection*.3}% 7
\BOOKMARK [4][-]{paragraph*.7}{\376\377\000A\000r\000g\000u\000m\000e\000n\000t\000s\000\040\000o\000p\000t\000i\000o\000n\000e\000l\000s}{subsubsection*.3}% 8
\BOOKMARK [4][-]{paragraph*.8}{\376\377\000F\000o\000n\000c\000t\000i\000o\000n\000\040\000a\000v\000e\000c\000\040\000u\000n\000\040\000n\000o\000m\000b\000r\000e\000\040\000a\000r\000b\000i\000t\000r\000a\000i\000r\000e\000\040\000d\040\031\000a\000r\000g\000u\000m\000e\000n\000t\000s}{subsubsection*.3}% 9
\BOOKMARK [2][-]{subsection.1.2}{\376\377\000L\000e\000s\000\040\000n\000o\000m\000b\000r\000e\000s}{section.1}% 10
\BOOKMARK [3][-]{subsubsection*.9}{\376\377\000L\000e\000s\000\040\000e\000n\000t\000i\000e\000r\000s}{subsection.1.2}% 11
\BOOKMARK [3][-]{subsubsection*.10}{\376\377\000L\000e\000s\000\040\000n\000o\000m\000b\000r\000e\000s\000\040\000\340\000\040\000v\000i\000r\000g\000u\000l\000e\000\040\000f\000l\000o\000t\000t\000a\000n\000t\000e}{subsection.1.2}% 12
\BOOKMARK [3][-]{subsubsection*.11}{\376\377\000L\000e\000s\000\040\000n\000o\000m\000b\000r\000e\000s\000\040\000c\000o\000m\000p\000l\000e\000x\000e\000s}{subsection.1.2}% 13
\BOOKMARK [3][-]{subsubsection*.12}{\376\377\000O\000p\000\351\000r\000a\000t\000i\000o\000n\000s\000\040\000s\000u\000r\000\040\000l\000e\000\040\000n\000o\000m\000b\000r\000e\000s}{subsection.1.2}% 14
\BOOKMARK [3][-]{subsubsection*.13}{\376\377\000L\000e\000s\000\040\000b\000o\000o\000l\000\351\000e\000n\000s\000\040\000e\000t\000\040\000c\000o\000m\000p\000a\000r\000a\000i\000s\000o\000n}{subsection.1.2}% 15
\BOOKMARK [2][-]{subsection.1.3}{\376\377\000L\000e\000s\000\040\000c\000o\000n\000t\000e\000n\000e\000u\000r\000s\000\040\000e\000n\000\040\000P\000y\000t\000h\000o\000n}{section.1}% 16
\BOOKMARK [3][-]{subsubsection*.14}{\376\377\000N\000o\000t\000i\000o\000n\000s\000\040\000g\000l\000o\000b\000a\000l\000e\000s}{subsection.1.3}% 17
\BOOKMARK [4][-]{paragraph*.15}{\376\377\000L\040\031\000o\000p\000\351\000r\000a\000t\000e\000u\000r\000\040\000i\000n}{subsubsection*.14}% 18
\BOOKMARK [4][-]{paragraph*.16}{\376\377\000L\000o\000n\000g\000u\000e\000u\000r}{subsubsection*.14}% 19
\BOOKMARK [4][-]{paragraph*.17}{\376\377\000O\000b\000j\000e\000t\000\040\000s\000u\000b\000s\000c\000r\000i\000p\000t\000a\000b\000l\000e\000s}{subsubsection*.14}% 20
\BOOKMARK [4][-]{paragraph*.18}{\376\377\000C\000o\000n\000t\000e\000n\000e\000u\000r\000s\000\040\000m\000o\000d\000i\000f\000i\000a\000b\000l\000e\000s}{subsubsection*.14}% 21
\BOOKMARK [4][-]{paragraph*.19}{\376\377\000C\000o\000n\000t\000e\000n\000e\000u\000r\000s\000\040\000i\000t\000e\000r\000a\000b\000l\000e\000s}{subsubsection*.14}% 22
\BOOKMARK [4][-]{paragraph*.20}{\376\377\000L\000i\000s\000t\000\040\000c\000o\000m\000p\000r\000e\000h\000e\000n\000s\000i\000o\000n}{subsubsection*.14}% 23
\BOOKMARK [3][-]{subsubsection*.21}{\376\377\000L\000e\000s\000\040\000d\000i\000f\000f\000\351\000r\000e\000n\000t\000s\000\040\000t\000y\000p\000e\000s\000\040\000d\000e\000\040\000c